<?xml version="1.0" encoding="UTF-8"?>
<!-- Generated by org.testng.reporters.JUnitXMLReporter -->
<testsuite ignored="2" hostname="Prasannakumar" failures="0" tests="1" name="Default test" time="9.984" errors="0" timestamp="2024-01-23T21:06:22 IST">
  <testcase classname="data.productspagee" name="verifyProductlink" time="9.955"/>
  <testcase classname="data.productspagee" name="verifyAddButton" time="0.0">
    <ignored/>
  </testcase> <!-- verifyAddButton -->
  <testcase classname="data.productspagee" name="verifyProductSearch" time="0.0">
    <ignored/>
  </testcase> <!-- verifyProductSearch -->
</testsuite> <!-- Default test -->
