<?xml version="1.0" encoding="UTF-8"?>
<testng-results ignored="0" total="1" passed="1" failed="0" skipped="0">
  <reporter-output>
  </reporter-output>
  <suite started-at="2023-12-06T14:14:56 IST" name="Default suite" finished-at="2023-12-06T14:15:10 IST" duration-ms="13895">
    <groups>
    </groups>
    <test started-at="2023-12-06T14:14:56 IST" name="Default test" finished-at="2023-12-06T14:15:10 IST" duration-ms="13895">
      <class name="SearchProduct">
        <test-method signature="ProductSearch()[pri:0, instance:SearchProduct@6b81ce95]" started-at="2023-12-06T14:14:56 IST" name="ProductSearch" finished-at="2023-12-06T14:15:10 IST" duration-ms="13850" status="PASS">
          <reporter-output>
          </reporter-output>
        </test-method> <!-- ProductSearch -->
      </class> <!-- SearchProduct -->
    </test> <!-- Default test -->
  </suite> <!-- Default suite -->
</testng-results>
