<?xml version="1.0" encoding="UTF-8"?>
<testng-results ignored="2" total="3" passed="1" failed="0" skipped="0">
  <reporter-output>
  </reporter-output>
  <suite started-at="2024-01-23T21:06:12 IST" name="Default suite" finished-at="2024-01-23T21:06:22 IST" duration-ms="9984">
    <groups>
    </groups>
    <test started-at="2024-01-23T21:06:12 IST" name="Default test" finished-at="2024-01-23T21:06:22 IST" duration-ms="9984">
      <class name="data.productspagee">
        <test-method signature="verifyProductlink()[pri:0, instance:data.productspagee@7e0b9178]" started-at="2024-01-23T21:06:12 IST" name="verifyProductlink" finished-at="2024-01-23T21:06:22 IST" duration-ms="9955" status="PASS">
          <reporter-output>
          </reporter-output>
        </test-method> <!-- verifyProductlink -->
      </class> <!-- data.productspagee -->
    </test> <!-- Default test -->
  </suite> <!-- Default suite -->
</testng-results>
